SF:C:\Users\TJ\Desktop\smoltcp-main-1\security_testing\additions\ipv4_combinatorial\ipv4_combinatorial_suite\src\lib.rs
FN:105,_RNCNvCslXbQEldkcui_24ipv4_combinatorial_suite19fragments_supported0B3_
FN:223,_RNCNvCslXbQEldkcui_24ipv4_combinatorial_suites_28ipv4_combinatorial_partition0B3_
FN:169,_RNvCslXbQEldkcui_24ipv4_combinatorial_suite12build_packet
FN:127,_RNvCslXbQEldkcui_24ipv4_combinatorial_suite14generate_cases
FN:193,_RNvCslXbQEldkcui_24ipv4_combinatorial_suite15write_cases_csv
FN:87,_RNvCslXbQEldkcui_24ipv4_combinatorial_suite17expected_parse_ok
FN:103,_RNvCslXbQEldkcui_24ipv4_combinatorial_suite19fragments_supported
FN:71,_RNvCslXbQEldkcui_24ipv4_combinatorial_suite20expected_new_checked
FN:220,_RNvCslXbQEldkcui_24ipv4_combinatorial_suites_28ipv4_combinatorial_partition
FN:16,_RNvMCslXbQEldkcui_24ipv4_combinatorial_suiteNtB2_7Version5as_u8
FN:51,_RNvMs_CslXbQEldkcui_24ipv4_combinatorial_suiteNtB4_12ProtocolKind8as_proto
FNDA:1,_RNCNvCslXbQEldkcui_24ipv4_combinatorial_suite19fragments_supported0B3_
FNDA:1,_RNCNvCslXbQEldkcui_24ipv4_combinatorial_suites_28ipv4_combinatorial_partition0B3_
FNDA:216,_RNvCslXbQEldkcui_24ipv4_combinatorial_suite12build_packet
FNDA:1,_RNvCslXbQEldkcui_24ipv4_combinatorial_suite14generate_cases
FNDA:1,_RNvCslXbQEldkcui_24ipv4_combinatorial_suite15write_cases_csv
FNDA:216,_RNvCslXbQEldkcui_24ipv4_combinatorial_suite17expected_parse_ok
FNDA:9,_RNvCslXbQEldkcui_24ipv4_combinatorial_suite19fragments_supported
FNDA:432,_RNvCslXbQEldkcui_24ipv4_combinatorial_suite20expected_new_checked
FNDA:1,_RNvCslXbQEldkcui_24ipv4_combinatorial_suites_28ipv4_combinatorial_partition
FNDA:216,_RNvMCslXbQEldkcui_24ipv4_combinatorial_suiteNtB2_7Version5as_u8
FNDA:216,_RNvMs_CslXbQEldkcui_24ipv4_combinatorial_suiteNtB4_12ProtocolKind8as_proto
FNF:11
FNH:11
DA:16,216
DA:17,216
DA:18,108
DA:19,108
DA:21,216
DA:51,216
DA:52,216
DA:53,72
DA:54,72
DA:55,72
DA:57,216
DA:71,432
DA:72,432
DA:73,0
DA:74,432
DA:75,432
DA:76,0
DA:77,432
DA:78,432
DA:79,144
DA:80,288
DA:81,288
DA:82,144
DA:83,144
DA:84,144
DA:85,432
DA:87,216
DA:88,216
DA:89,144
DA:90,72
DA:91,72
DA:92,36
DA:93,36
DA:94,36
DA:95,18
DA:96,18
DA:97,18
DA:98,0
DA:99,18
DA:100,18
DA:101,216
DA:103,9
DA:105,9
DA:106,1
DA:107,1
DA:108,1
DA:109,1
DA:110,1
DA:111,1
DA:112,1
DA:113,1
DA:114,1
DA:115,1
DA:116,1
DA:117,1
DA:118,1
DA:119,1
DA:120,1
DA:122,1
DA:123,1
DA:124,1
DA:125,9
DA:127,1
DA:128,1
DA:129,1
DA:130,1
DA:131,1
DA:132,1
DA:133,1
DA:134,1
DA:135,1
DA:136,1
DA:137,1
DA:139,1
DA:140,2
DA:141,6
DA:142,18
DA:143,36
DA:144,72
DA:145,216
DA:146,216
DA:147,72
DA:148,72
DA:149,72
DA:151,216
DA:152,216
DA:153,216
DA:154,216
DA:155,216
DA:156,216
DA:157,216
DA:158,216
DA:159,216
DA:166,1
DA:167,1
DA:169,216
DA:170,216
DA:171,216
DA:172,216
DA:173,216
DA:174,216
DA:175,216
DA:176,216
DA:177,216
DA:178,216
DA:179,216
DA:180,216
DA:181,216
DA:182,216
DA:183,216
DA:185,216
DA:186,108
DA:187,108
DA:190,216
DA:191,216
DA:193,1
DA:194,1
DA:195,1
DA:197,216
DA:198,216
DA:199,216
DA:200,216
DA:201,216
DA:202,216
DA:203,216
DA:204,216
DA:205,216
DA:206,216
DA:207,216
DA:208,216
DA:209,216
DA:210,216
DA:211,216
DA:212,216
DA:213,216
DA:214,216
DA:216,1
DA:217,1
DA:220,1
DA:221,1
DA:222,1
DA:223,1
DA:224,1
DA:226,1
DA:227,1
DA:228,1
DA:230,216
DA:231,216
DA:232,216
DA:233,216
DA:235,216
DA:236,72
DA:238,144
DA:241,216
DA:242,216
DA:243,216
DA:244,216
DA:245,0
DA:246,0
DA:247,0
DA:248,0
DA:249,0
DA:250,0
DA:252,216
DA:255,1
DA:257,1
DA:258,1
DA:260,1
DA:261,1
BRF:0
BRH:0
LF:171
LH:162
end_of_record